<?xml version="1.0" encoding="UTF-8"?>
<!-- Generated by org.testng.reporters.JUnitXMLReporter -->
<testsuite ignored="0" hostname="CIJIN-T3523" failures="1" tests="5" name="Test" time="36.927" errors="0" timestamp="30 Jun 2023 12:44:05 GMT">
  <testcase classname="testscript.HomePageTest" name="addClient" time="3.969">
    <failure type="java.lang.AssertionError" message="expected [admin@admin.com] but found []">
      <![CDATA[java.lang.AssertionError: expected [admin@admin.com] but found []
at testscript.HomePageTest.addClient(HomePageTest.java:27)
... Removed 31 stack frames]]>
    </failure>
  </testcase> <!-- addClient -->
  <testcase classname="testscript.HomePageTest" name="addReparation" time="2.562"/>
  <testcase classname="testscript.HomePageTest" name="quantityAlerts" time="2.463"/>
  <testcase classname="testscript.HomePageTest" name="sendEmail" time="2.981"/>
  <testcase classname="testscript.HomePageTest" name="sendSms" time="2.852"/>
</testsuite> <!-- Test -->
