<?xml version="1.0" encoding="UTF-8"?>
<!-- Generated by org.testng.reporters.JUnitXMLReporter -->
<testsuite ignored="0" hostname="CIJIN-T3523" failures="0" tests="1" name="Test" time="0.044" errors="0" timestamp="28 Jun 2023 15:51:51 GMT">
  <testcase classname="servicemanagementproject.Base" name="@BeforeMethod intializedBrowser" time="0.0">
    <failure type="org.testng.TestNGException" message="
Parameter &amp;apos;browser&amp;apos; is required by BeforeMethod on method intializedBrowser but has not been marked @Optional or defined
in C:\Users\USER\eclipse-workspace\Project_ServiceManagement\testngtest.xml">
      <![CDATA[org.testng.TestNGException: 
Parameter 'browser' is required by BeforeMethod on method intializedBrowser but has not been marked @Optional or defined
in C:\Users\USER\eclipse-workspace\Project_ServiceManagement\testngtest.xml
... Removed 25 stack frames]]>
    </failure>
  </testcase> <!-- @BeforeMethod intializedBrowser -->
  <testcase classname="servicemanagementproject.Base" name="@AfterMethod browserQuit" time="0.0">
    <skipped/>
  </testcase> <!-- @AfterMethod browserQuit -->
  <testcase classname="testscript.LoginTest" name="verifyUserIsAbleToLoginWithValidCredentials" time="0.0">
    <skipped/>
  </testcase> <!-- verifyUserIsAbleToLoginWithValidCredentials -->
</testsuite> <!-- Test -->
