<?xml version="1.0" encoding="UTF-8"?>
<!-- Generated by org.testng.reporters.JUnitXMLReporter -->
<testsuite ignored="0" hostname="CIJIN-T3523" failures="0" tests="5" name="MyTest" time="30.83" errors="0" timestamp="05 Jul 2023 11:23:07 GMT">
  <testcase classname="testscript.HomePageTest" name="verifyToClickaddClient" time="2.416"/>
  <testcase classname="testscript.HomePageTest" name="verifyToClickaddReparation" time="2.281"/>
  <testcase classname="testscript.HomePageTest" name="verifyToClickquantityAlerts" time="2.185"/>
  <testcase classname="testscript.HomePageTest" name="verifyToClicksendEmail" time="2.815"/>
  <testcase classname="testscript.HomePageTest" name="verifyToClicksendSms" time="3.132"/>
</testsuite> <!-- MyTest -->
